20-Oct-2021 19:06:03.098 GRAVE [main] org.apache.catalina.startup.Catalina.initDirs Cannot find specified temporary folder at [C:/workspaces/IntelliJIDEA/pratica/diospringboot/apache-tomcat-9.0.26/temp]
20-Oct-2021 19:06:04.238 INFORMAÇÕES [main] org.apache.catalina.startup.VersionLoggerListener.log Server version name:   Apache Tomcat/9.0.26
20-Oct-2021 19:06:04.239 INFORMAÇÕES [main] org.apache.catalina.startup.VersionLoggerListener.log Server built:          Sep 16 2019 15:51:39 UTC
20-Oct-2021 19:06:04.239 INFORMAÇÕES [main] org.apache.catalina.startup.VersionLoggerListener.log Server version number: 9.0.26.0
20-Oct-2021 19:06:04.239 INFORMAÇÕES [main] org.apache.catalina.startup.VersionLoggerListener.log OS Name:               Windows 8.1
20-Oct-2021 19:06:04.240 INFORMAÇÕES [main] org.apache.catalina.startup.VersionLoggerListener.log OS Version:            6.3
20-Oct-2021 19:06:04.240 INFORMAÇÕES [main] org.apache.catalina.startup.VersionLoggerListener.log Architecture:          amd64
20-Oct-2021 19:06:04.240 INFORMAÇÕES [main] org.apache.catalina.startup.VersionLoggerListener.log Java Home:             C:\Program Files\Java\zulu11.50.19-ca-jdk11.0.12-win_x64
20-Oct-2021 19:06:04.241 INFORMAÇÕES [main] org.apache.catalina.startup.VersionLoggerListener.log JVM Version:           11.0.12+7-LTS
20-Oct-2021 19:06:04.241 INFORMAÇÕES [main] org.apache.catalina.startup.VersionLoggerListener.log JVM Vendor:            Azul Systems, Inc.
20-Oct-2021 19:06:04.241 INFORMAÇÕES [main] org.apache.catalina.startup.VersionLoggerListener.log CATALINA_BASE:         C:\workspaces\IntelliJIDEA\pratica\diospringboot\apache-tomcat-9.0.26
20-Oct-2021 19:06:04.242 INFORMAÇÕES [main] org.apache.catalina.startup.VersionLoggerListener.log CATALINA_HOME:         C:\workspaces\IntelliJIDEA\pratica\diospringboot\apache-tomcat-9.0.26
20-Oct-2021 19:06:04.244 INFORMAÇÕES [main] org.apache.catalina.startup.VersionLoggerListener.log Command line argument: --add-opens=java.base/java.lang=ALL-UNNAMED
20-Oct-2021 19:06:04.245 INFORMAÇÕES [main] org.apache.catalina.startup.VersionLoggerListener.log Command line argument: --add-opens=java.base/java.io=ALL-UNNAMED
20-Oct-2021 19:06:04.246 INFORMAÇÕES [main] org.apache.catalina.startup.VersionLoggerListener.log Command line argument: --add-opens=java.rmi/sun.rmi.transport=ALL-UNNAMED
20-Oct-2021 19:06:04.247 INFORMAÇÕES [main] org.apache.catalina.startup.VersionLoggerListener.log Command line argument: -Djava.util.logging.config.file=C:/workspaces/IntelliJIDEA/pratica/diospringboot/apache-tomcat-9.0.26/conf/logging.properties
20-Oct-2021 19:06:04.247 INFORMAÇÕES [main] org.apache.catalina.startup.VersionLoggerListener.log Command line argument: -Djava.util.logging.manager=org.apache.juli.ClassLoaderLogManager
20-Oct-2021 19:06:04.249 INFORMAÇÕES [main] org.apache.catalina.startup.VersionLoggerListener.log Command line argument: -Djdk.tls.ephemeralDHKeySize=2048
20-Oct-2021 19:06:04.249 INFORMAÇÕES [main] org.apache.catalina.startup.VersionLoggerListener.log Command line argument: -Djava.protocol.handler.pkgs=org.apache.catalina.webresources
20-Oct-2021 19:06:04.249 INFORMAÇÕES [main] org.apache.catalina.startup.VersionLoggerListener.log Command line argument: -Dorg.apache.catalina.security.SecurityListener.UMASK=0027
20-Oct-2021 19:06:04.250 INFORMAÇÕES [main] org.apache.catalina.startup.VersionLoggerListener.log Command line argument: -Dignore.endorsed.dirs=
20-Oct-2021 19:06:04.250 INFORMAÇÕES [main] org.apache.catalina.startup.VersionLoggerListener.log Command line argument: -Dcatalina.base=C:/workspaces/IntelliJIDEA/pratica/diospringboot/apache-tomcat-9.0.26
20-Oct-2021 19:06:04.251 INFORMAÇÕES [main] org.apache.catalina.startup.VersionLoggerListener.log Command line argument: -Dcatalina.home=C:/workspaces/IntelliJIDEA/pratica/diospringboot/apache-tomcat-9.0.26
20-Oct-2021 19:06:04.253 INFORMAÇÕES [main] org.apache.catalina.startup.VersionLoggerListener.log Command line argument: -Djava.io.tmpdir=C:/workspaces/IntelliJIDEA/pratica/diospringboot/apache-tomcat-9.0.26/temp
20-Oct-2021 19:06:04.253 INFORMAÇÕES [main] org.apache.catalina.core.AprLifecycleListener.lifecycleEvent The APR based Apache Tomcat Native library which allows optimal performance in production environments was not found on the java.library.path: [C:\Program Files\Java\zulu11.50.19-ca-jdk11.0.12-win_x64\bin;C:\Windows\Sun\Java\bin;C:\Windows\system32;C:\Windows;C:\Users\Cliente\bin;C:\Program Files\Git\mingw64\bin;C:\Program Files\Git\usr\local\bin;C:\Program Files\Git\usr\bin;C:\Program Files\Git\usr\bin;C:\Program Files\Git\mingw64\bin;C:\Program Files\Git\usr\bin;C:\Users\Cliente\bin;C:\Windows\system32;C:\Windows;C:\Windows\System32\Wbem;C:\Windows\System32\WindowsPowerShell\v1.0;C:\Users\Cliente\AppData\Roaming\CertiPluginCorpIE-NG;C:\Android\sdk\tools;C:\Android\sdk\platform-tools;C:\ProgramData\UNIVALI\Portugol Studio;C:\Program Files\Git\cmd;C:\Program Files\nodejs;C:\ProgramData\chocolatey\bin;C:\Program Files\Java\zulu11.50.19-ca-jdk11.0.12-win_x64\bin;C:\Program Files (x86)\Intel\OpenCL SDK\2.0\bin\x86;C:\Program Files (x86)\Intel\OpenCL SDK\2.0\bin\x64;C:\Program Files\dotnet;C:\Program Files\MariaDB 10.6\bin;C:\ProgramData\chocolatey\lib\maven\apache-maven-3.8.3\bin;C:\Users\Cliente\AppData\Roaming\npm;C:\Users\Cliente\AppData\Local\Programs\Microsoft VS Code\bin;C:\Program Files\heroku\bin;C:\Users\Cliente\AppData\Local\gitkraken\bin;C:\tools\mysql\current\bin;C:\Program Files\Git\usr\bin\vendor_perl;C:\Program Files\Git\usr\bin\core_perl;.]
20-Oct-2021 19:06:05.303 INFORMAÇÕES [main] org.apache.coyote.AbstractProtocol.init Initializing ProtocolHandler ["http-nio-8080"]
20-Oct-2021 19:06:05.758 INFORMAÇÕES [main] org.apache.coyote.AbstractProtocol.init Initializing ProtocolHandler ["ajp-nio-8009"]
20-Oct-2021 19:06:05.774 INFORMAÇÕES [main] org.apache.catalina.startup.Catalina.load Server initialization in [2.670] milliseconds
20-Oct-2021 19:06:06.041 INFORMAÇÕES [main] org.apache.catalina.core.StandardService.startInternal Starting service [Catalina]
20-Oct-2021 19:06:06.043 INFORMAÇÕES [main] org.apache.catalina.core.StandardEngine.startInternal Starting Servlet engine: [Apache Tomcat/9.0.26]
20-Oct-2021 19:06:06.161 INFORMAÇÕES [main] org.apache.catalina.startup.HostConfig.deployWAR Deploying web application archive [C:\workspaces\IntelliJIDEA\pratica\diospringboot\apache-tomcat-9.0.26\webapps\springboot.war]
20-Oct-2021 19:06:24.928 INFORMAÇÕES [main] org.apache.jasper.servlet.TldScanner.scanJars At least one JAR was scanned for TLDs yet contained no TLDs. Enable debug logging for this logger for a complete list of JARs that were scanned but no TLDs were found in them. Skipping unneeded JARs during scanning can improve startup time and JSP compilation time.
20-Oct-2021 19:06:25.322 ADVERTÊNCIA [main] org.apache.catalina.util.SessionIdGeneratorBase.createSecureRandom Creation of SecureRandom instance for session ID generation using [SHA1PRNG] took [283] milliseconds.
20-Oct-2021 19:06:25.442 INFORMAÇÕES [main] org.apache.catalina.startup.HostConfig.deployWAR Deployment of web application archive [C:\workspaces\IntelliJIDEA\pratica\diospringboot\apache-tomcat-9.0.26\webapps\springboot.war] has finished in [19.280] ms
20-Oct-2021 19:06:25.448 INFORMAÇÕES [main] org.apache.catalina.startup.HostConfig.deployDirectory Diretório de instalação da aplicação web [C:\workspaces\IntelliJIDEA\pratica\diospringboot\apache-tomcat-9.0.26\webapps\docs]
20-Oct-2021 19:06:25.570 INFORMAÇÕES [main] org.apache.catalina.startup.HostConfig.deployDirectory Deployment of web application directory [C:\workspaces\IntelliJIDEA\pratica\diospringboot\apache-tomcat-9.0.26\webapps\docs] has finished in [121] ms
20-Oct-2021 19:06:25.571 INFORMAÇÕES [main] org.apache.catalina.startup.HostConfig.deployDirectory Diretório de instalação da aplicação web [C:\workspaces\IntelliJIDEA\pratica\diospringboot\apache-tomcat-9.0.26\webapps\examples]
20-Oct-2021 19:06:27.013 INFORMAÇÕES [main] org.apache.catalina.startup.HostConfig.deployDirectory Deployment of web application directory [C:\workspaces\IntelliJIDEA\pratica\diospringboot\apache-tomcat-9.0.26\webapps\examples] has finished in [1.442] ms
20-Oct-2021 19:06:27.015 INFORMAÇÕES [main] org.apache.catalina.startup.HostConfig.deployDirectory Diretório de instalação da aplicação web [C:\workspaces\IntelliJIDEA\pratica\diospringboot\apache-tomcat-9.0.26\webapps\host-manager]
20-Oct-2021 19:06:27.173 INFORMAÇÕES [main] org.apache.catalina.startup.HostConfig.deployDirectory Deployment of web application directory [C:\workspaces\IntelliJIDEA\pratica\diospringboot\apache-tomcat-9.0.26\webapps\host-manager] has finished in [158] ms
20-Oct-2021 19:06:27.174 INFORMAÇÕES [main] org.apache.catalina.startup.HostConfig.deployDirectory Diretório de instalação da aplicação web [C:\workspaces\IntelliJIDEA\pratica\diospringboot\apache-tomcat-9.0.26\webapps\manager]
20-Oct-2021 19:06:27.309 INFORMAÇÕES [main] org.apache.catalina.startup.HostConfig.deployDirectory Deployment of web application directory [C:\workspaces\IntelliJIDEA\pratica\diospringboot\apache-tomcat-9.0.26\webapps\manager] has finished in [134] ms
20-Oct-2021 19:06:27.313 INFORMAÇÕES [main] org.apache.catalina.startup.HostConfig.deployDirectory Diretório de instalação da aplicação web [C:\workspaces\IntelliJIDEA\pratica\diospringboot\apache-tomcat-9.0.26\webapps\ROOT]
20-Oct-2021 19:06:27.437 INFORMAÇÕES [main] org.apache.catalina.startup.HostConfig.deployDirectory Deployment of web application directory [C:\workspaces\IntelliJIDEA\pratica\diospringboot\apache-tomcat-9.0.26\webapps\ROOT] has finished in [125] ms
20-Oct-2021 19:06:27.459 INFORMAÇÕES [main] org.apache.coyote.AbstractProtocol.start Starting ProtocolHandler ["http-nio-8080"]
20-Oct-2021 19:06:27.487 INFORMAÇÕES [main] org.apache.coyote.AbstractProtocol.start Starting ProtocolHandler ["ajp-nio-8009"]
20-Oct-2021 19:06:27.498 INFORMAÇÕES [main] org.apache.catalina.startup.Catalina.start Server startup in [21.722] milliseconds
